#
# There is insufficient memory for the Java Runtime Environment to continue.
# Native memory allocation (malloc) failed to allocate 1114064 bytes. Error detail: Chunk::new
# Possible reasons:
#   The system is out of physical RAM or swap space
#   This process is running with CompressedOops enabled, and the Java Heap may be blocking the growth of the native heap
# Possible solutions:
#   Reduce memory load on the system
#   Increase physical memory or swap space
#   Check if swap backing store is full
#   Decrease Java heap size (-Xmx/-Xms)
#   Decrease number of Java threads
#   Decrease Java thread stack sizes (-Xss)
#   Set larger code cache with -XX:ReservedCodeCacheSize=
#   JVM is running with Unscaled Compressed Oops mode in which the Java heap is
#     placed in the first 4GB address space. The Java Heap base address is the
#     maximum limit for the native heap growth. Please use -XX:HeapBaseMinAddress
#     to set the Java Heap base and to place the Java Heap above 4GB virtual address.
# This output file may be truncated or incomplete.
#
#  Out of Memory Error (arena.cpp:162), pid=1428, tid=12648
#
# JRE version: Java(TM) SE Runtime Environment (24.0.2+12) (build 24.0.2+12-54)
# Java VM: Java HotSpot(TM) 64-Bit Server VM (24.0.2+12-54, mixed mode, sharing, tiered, compressed oops, compressed class ptrs, g1 gc, windows-amd64)
# No core dump will be written. Minidumps are not enabled by default on client versions of Windows
#

---------------  S U M M A R Y ------------

Command Line: --module-path=C:\Users\2021c\javafx-sdk-24.0.2\lib --add-modules=javafx.controls,javafx.fxml --sun-misc-unsafe-memory-access=allow --enable-native-access=javafx.graphics -Dfile.encoding=UTF-8 -Dstdout.encoding=UTF-8 -Dstderr.encoding=UTF-8 --module-path=C:\Users\2021c\OneDrive\Desktop\360Project\FoundationCode\bin;C:\Users\2021c\javafx-sdk-24.0.2\lib\javafx.base.jar;C:\Users\2021c\javafx-sdk-24.0.2\lib\javafx.controls.jar;C:\Users\2021c\javafx-sdk-24.0.2\lib\javafx.fxml.jar;C:\Users\2021c\javafx-sdk-24.0.2\lib\javafx.graphics.jar;C:\Users\2021c\javafx-sdk-24.0.2\lib\javafx.media.jar;C:\Users\2021c\javafx-sdk-24.0.2\lib\javafx.swing.jar;C:\Users\2021c\javafx-sdk-24.0.2\lib\javafx.web.jar;C:\Users\2021c\javafx-sdk-24.0.2\lib\javafx-swt.jar;C:\Users\2021c\javafx-sdk-24.0.2\lib\jdk.jsobject.jar;C:\Users\2021c\javafx-sdk-24.0.2\lib\jfx.incubator.input.jar;C:\Users\2021c\javafx-sdk-24.0.2\lib\jfx.incubator.richtext.jar;C:\Users\2021c\OneDrive\Desktop\eclipse\plugins\junit-jupiter-api_5.12.2.jar;C:\Users\2021c\OneDrive\Desktop\eclipse\plugins\junit-jupiter-engine_5.12.2.jar;C:\Users\2021c\OneDrive\Desktop\eclipse\plugins\junit-jupiter-migrationsupport_5.12.2.jar;C:\Users\2021c\OneDrive\Desktop\eclipse\plugins\junit-jupiter-params_5.12.2.jar;C:\Users\2021c\OneDrive\Desktop\eclipse\plugins\junit-platform-commons_1.12.2.jar;C:\Users\2021c\OneDrive\Desktop\eclipse\plugins\junit-platform-engine_1.12.2.jar;C:\Users\2021c\OneDrive\Desktop\eclipse\plugins\junit-platform-launcher_1.12.2.jar;C:\Users\2021c\OneDrive\Desktop\eclipse\plugins\junit-platform-runner_1.12.2.jar;C:\Users\2021c\OneDrive\Desktop\eclipse\plugins\junit-platform-suite-api_1.12.2.jar;C:\Users\2021c\OneDrive\Desktop\eclipse\plugins\junit-platform-suite-engine_1.12.2.jar;C:\Users\2021c\OneDrive\Desktop\eclipse\plugins\junit-platform-suite-commons_1.12.2.jar;C:\Users\2021c\OneDrive\Desktop\eclipse\plugins\junit-vintage-engine_5.12.2.jar;C:\Users\2021c\OneDrive\Desktop\eclipse\plugins\org.opentest4j_1.3.0.jar;C:\Users\2021c\OneDrive\Desktop\eclipse\plugins\org.apiguardian.api_1.1.2.jar;C:\Users\2021c\OneDrive\Desktop\eclipse\plugins\org.junit_4.13.2.v20240929-1000.jar;C:\Users\2021c\OneDrive\Desktop\eclipse\plugins\org.hamcrest_3.0.0.jar -XX:+ShowCodeDetailsInExceptionMessages -Djdk.module.main=FoundationCode FoundationCode/application.StartCSE360

Host: AMD Ryzen 3 7320U with Radeon Graphics         , 8 cores, 7G,  Windows 11 , 64 bit Build 26100 (10.0.26100.6725)
Time: Thu Oct 16 00:13:51 2025 Eastern Daylight Time elapsed time: 2.435675 seconds (0d 0h 0m 2s)

---------------  T H R E A D  ---------------

Current thread (0x0000023bac494410):  JavaThread "C2 CompilerThread0" daemon [_thread_in_native, id=12648, stack(0x000000d572100000,0x000000d572200000) (1024K)]


Current CompileTask:
C2:2435 1494 % !   4       java.util.concurrent.ConcurrentHashMap::transfer @ 96 (849 bytes)

Stack: [0x000000d572100000,0x000000d572200000]
Native frames: (J=compiled Java code, j=interpreted, Vv=VM code, C=native code)
V  [jvm.dll+0x730829]  (no source info available)
V  [jvm.dll+0x8d9da3]  (no source info available)
V  [jvm.dll+0x8dc28d]  (no source info available)
V  [jvm.dll+0x8dc903]  (no source info available)
V  [jvm.dll+0x2a9f56]  (no source info available)
V  [jvm.dll+0xced7f]  (no source info available)
V  [jvm.dll+0xcefdf]  (no source info available)
V  [jvm.dll+0x154c83]  (no source info available)
V  [jvm.dll+0x73604f]  (no source info available)
V  [jvm.dll+0x26f8dc]  (no source info available)
V  [jvm.dll+0x26e8ff]  (no source info available)
V  [jvm.dll+0x1e9c90]  (no source info available)
V  [jvm.dll+0x27e0cb]  (no source info available)
V  [jvm.dll+0x27c36a]  (no source info available)
V  [jvm.dll+0x42f396]  (no source info available)
V  [jvm.dll+0x87d9eb]  (no source info available)
V  [jvm.dll+0x72ef45]  (no source info available)
C  [ucrtbase.dll+0x37b0]  (no source info available)
C  [KERNEL32.DLL+0x2e8d7]  (no source info available)
C  [ntdll.dll+0x8c53c]  (no source info available)

Lock stack of current Java thread (top to bottom):


---------------  P R O C E S S  ---------------

Threads class SMR info:
_java_thread_list=0x0000023bf33fde20, length=19, elements={
0x0000023b8d737ba0, 0x0000023bac46f1e0, 0x0000023bac46f920, 0x0000023bac470cc0,
0x0000023bac4717f0, 0x0000023bac472320, 0x0000023bac4744a0, 0x0000023bac494410,
0x0000023bac495fa0, 0x0000023bac5868a0, 0x0000023bf2794b40, 0x0000023bf225b460,
0x0000023bf20b8f40, 0x0000023bf24448f0, 0x0000023bac5ae7e0, 0x0000023bac5aef20,
0x0000023bf3098870, 0x0000023bf3099710, 0x0000023bf3098120
}

Java Threads: ( => current thread )
  0x0000023b8d737ba0 JavaThread "main"                              [_thread_blocked, id=14232, stack(0x000000d571300000,0x000000d571400000) (1024K)]
  0x0000023bac46f1e0 JavaThread "Reference Handler"          daemon [_thread_blocked, id=11392, stack(0x000000d571b00000,0x000000d571c00000) (1024K)]
  0x0000023bac46f920 JavaThread "Finalizer"                  daemon [_thread_blocked, id=14652, stack(0x000000d571c00000,0x000000d571d00000) (1024K)]
  0x0000023bac470cc0 JavaThread "Signal Dispatcher"          daemon [_thread_blocked, id=11916, stack(0x000000d571d00000,0x000000d571e00000) (1024K)]
  0x0000023bac4717f0 JavaThread "Attach Listener"            daemon [_thread_blocked, id=2492, stack(0x000000d571e00000,0x000000d571f00000) (1024K)]
  0x0000023bac472320 JavaThread "Service Thread"             daemon [_thread_blocked, id=3824, stack(0x000000d571f00000,0x000000d572000000) (1024K)]
  0x0000023bac4744a0 JavaThread "Monitor Deflation Thread"   daemon [_thread_blocked, id=8776, stack(0x000000d572000000,0x000000d572100000) (1024K)]
=>0x0000023bac494410 JavaThread "C2 CompilerThread0"         daemon [_thread_in_native, id=12648, stack(0x000000d572100000,0x000000d572200000) (1024K)]
  0x0000023bac495fa0 JavaThread "C1 CompilerThread0"         daemon [_thread_blocked, id=6756, stack(0x000000d572200000,0x000000d572300000) (1024K)]
  0x0000023bac5868a0 JavaThread "Common-Cleaner"             daemon [_thread_blocked, id=8816, stack(0x000000d572300000,0x000000d572400000) (1024K)]
  0x0000023bf2794b40 JavaThread "Notification Thread"        daemon [_thread_blocked, id=15192, stack(0x000000d572400000,0x000000d572500000) (1024K)]
  0x0000023bf225b460 JavaThread "QuantumRenderer-0"          daemon [_thread_blocked, id=15312, stack(0x000000d572500000,0x000000d572600000) (1024K)]
  0x0000023bf20b8f40 JavaThread "InvokeLaterDispatcher"      daemon [_thread_blocked, id=7276, stack(0x000000d572600000,0x000000d572700000) (1024K)]
  0x0000023bf24448f0 JavaThread "JavaFX Application Thread"         [_thread_in_vm, id=5552, stack(0x000000d572700000,0x000000d572800000) (1024K)]
  0x0000023bac5ae7e0 JavaThread "Thread-1"                   daemon [_thread_in_native, id=5276, stack(0x000000d573c00000,0x000000d573d00000) (1024K)]
  0x0000023bac5aef20 JavaThread "JavaFX-Launcher"                   [_thread_blocked, id=15412, stack(0x000000d573d00000,0x000000d573e00000) (1024K)]
  0x0000023bf3098870 JavaThread "MVStore background writer C:/Users/2021c/FoundationDatabase.mv.db" daemon [_thread_blocked, id=17140, stack(0x000000d573e00000,0x000000d573f00000) (1024K)]
  0x0000023bf3099710 JavaThread "H2-serialization"           daemon [_thread_blocked, id=7768, stack(0x000000d574400000,0x000000d574500000) (1024K)]
  0x0000023bf3098120 JavaThread "H2-save"                    daemon [_thread_blocked, id=10560, stack(0x000000d574500000,0x000000d574600000) (1024K)]
Total: 19

Other Threads:
  0x0000023bac45e9e0 VMThread "VM Thread"                           [id=4304, stack(0x000000d571a00000,0x000000d571b00000) (1024K)]
  0x0000023bac328850 WatcherThread "VM Periodic Task Thread"        [id=2692, stack(0x000000d571900000,0x000000d571a00000) (1024K)]
  0x0000023b8fa42580 WorkerThread "GC Thread#0"                     [id=3484, stack(0x000000d571400000,0x000000d571500000) (1024K)]
  0x0000023bf331d9f0 WorkerThread "GC Thread#1"                     [id=16396, stack(0x000000d573f00000,0x000000d574000000) (1024K)]
  0x0000023bf331dda0 WorkerThread "GC Thread#2"                     [id=17712, stack(0x000000d574000000,0x000000d574100000) (1024K)]
  0x0000023bf331e150 WorkerThread "GC Thread#3"                     [id=2676, stack(0x000000d574100000,0x000000d574200000) (1024K)]
  0x0000023bf331e500 WorkerThread "GC Thread#4"                     [id=17844, stack(0x000000d574200000,0x000000d574300000) (1024K)]
  0x0000023bf331f120 WorkerThread "GC Thread#5"                     [id=11148, stack(0x000000d574300000,0x000000d574400000) (1024K)]
  0x0000023b8fa55820 ConcurrentGCThread "G1 Main Marker"            [id=6320, stack(0x000000d571500000,0x000000d571600000) (1024K)]
  0x0000023b8fa58f90 WorkerThread "G1 Conc#0"                       [id=2152, stack(0x000000d571600000,0x000000d571700000) (1024K)]
  0x0000023bac31c530 ConcurrentGCThread "G1 Refine#0"               [id=5504, stack(0x000000d571700000,0x000000d571800000) (1024K)]
  0x0000023bac31cd60 ConcurrentGCThread "G1 Service"                [id=13752, stack(0x000000d571800000,0x000000d571900000) (1024K)]
Total: 12

Threads with active compile tasks:
C2 CompilerThread0  2711 1494 % !   4       java.util.concurrent.ConcurrentHashMap::transfer @ 96 (849 bytes)
Total: 1

VM state: not at safepoint (normal execution)

VM Mutex/Monitor currently owned by a thread: None

Heap address: 0x000000008b800000, size: 1864 MB, Compressed Oops mode: 32-bit

CDS archive(s) mapped at: [0x0000023bad000000-0x0000023badd40000-0x0000023badd40000), size 13893632, SharedBaseAddress: 0x0000023bad000000, ArchiveRelocationMode: 1.
Compressed class space mapped at: 0x0000023bae000000-0x0000023bee000000, reserved size: 1073741824
UseCompressedClassPointers 1, UseCompactObjectHeaders 0
Narrow klass pointer bits 32, Max shift 3
Narrow klass base: 0x0000023bad000000, Narrow klass shift: 0
Encoding Range: [0x0000023bad000000 - 0x0000023cad000000), (4294967296 bytes)
Klass Range:    [0x0000023bad000000 - 0x0000023bee000000), (1090519040 bytes)
Klass ID Range:  [8 - 1090519033) (1090519025)

GC Precious Log:
 CardTable entry size: 512
 Card Set container configuration: InlinePtr #cards 5 size 8 Array Of Cards #cards 10 size 36 Howl #buckets 4 coarsen threshold 1843 Howl Bitmap #cards 512 size 80 coarsen threshold 460 Card regions per heap region 1 cards per card region 2048
 CPUs: 8 total, 8 available
 Memory: 7455M
 Large Page Support: Disabled
 NUMA Support: Disabled
 Compressed Oops: Enabled (32-bit)
 Heap Region Size: 1M
 Heap Min Capacity: 8M
 Heap Initial Capacity: 118M
 Heap Max Capacity: 1864M
 Pre-touch: Disabled
 Parallel Workers: 8
 Concurrent Workers: 2
 Concurrent Refinement Workers: 8
 Periodic GC: Disabled

Heap:
 garbage-first heap   total reserved 1908736K, committed 122880K, used 17780K [0x000000008b800000, 0x0000000100000000)
  region size 1024K, 17 young (17408K), 6 survivors (6144K)
 Metaspace       used 12515K, committed 12736K, reserved 1114112K
  class space    used 1194K, committed 1280K, reserved 1048576K

Heap Regions: E=young(eden), S=young(survivor), O=old, HS=humongous(starts), HC=humongous(continues), CS=collection set, F=free, TAMS=top-at-mark-start, PB=parsable bottom
|   0|0x000000008b800000, 0x000000008b900000, 0x000000008b900000|100%|HS|  |TAMS 0x000000008b800000| PB 0x000000008b800000| Complete |  0
|   1|0x000000008b900000, 0x000000008ba00000, 0x000000008ba00000|100%|HC|  |TAMS 0x000000008b900000| PB 0x000000008b900000| Complete |  0
|   2|0x000000008ba00000, 0x000000008ba00000, 0x000000008bb00000|  0%| F|  |TAMS 0x000000008ba00000| PB 0x000000008ba00000| Untracked |  0
|   3|0x000000008bb00000, 0x000000008bb00000, 0x000000008bc00000|  0%| F|  |TAMS 0x000000008bb00000| PB 0x000000008bb00000| Untracked |  0
|   4|0x000000008bc00000, 0x000000008bc00000, 0x000000008bd00000|  0%| F|  |TAMS 0x000000008bc00000| PB 0x000000008bc00000| Untracked |  0
|   5|0x000000008bd00000, 0x000000008bd00000, 0x000000008be00000|  0%| F|  |TAMS 0x000000008bd00000| PB 0x000000008bd00000| Untracked |  0
|   6|0x000000008be00000, 0x000000008be00000, 0x000000008bf00000|  0%| F|  |TAMS 0x000000008be00000| PB 0x000000008be00000| Untracked |  0
|   7|0x000000008bf00000, 0x000000008bf00000, 0x000000008c000000|  0%| F|  |TAMS 0x000000008bf00000| PB 0x000000008bf00000| Untracked |  0
|   8|0x000000008c000000, 0x000000008c000000, 0x000000008c100000|  0%| F|  |TAMS 0x000000008c000000| PB 0x000000008c000000| Untracked |  0
|   9|0x000000008c100000, 0x000000008c100000, 0x000000008c200000|  0%| F|  |TAMS 0x000000008c100000| PB 0x000000008c100000| Untracked |  0
|  10|0x000000008c200000, 0x000000008c200000, 0x000000008c300000|  0%| F|  |TAMS 0x000000008c200000| PB 0x000000008c200000| Untracked |  0
|  11|0x000000008c300000, 0x000000008c300000, 0x000000008c400000|  0%| F|  |TAMS 0x000000008c300000| PB 0x000000008c300000| Untracked |  0
|  12|0x000000008c400000, 0x000000008c400000, 0x000000008c500000|  0%| F|  |TAMS 0x000000008c400000| PB 0x000000008c400000| Untracked |  0
|  13|0x000000008c500000, 0x000000008c500000, 0x000000008c600000|  0%| F|  |TAMS 0x000000008c500000| PB 0x000000008c500000| Untracked |  0
|  14|0x000000008c600000, 0x000000008c600000, 0x000000008c700000|  0%| F|  |TAMS 0x000000008c600000| PB 0x000000008c600000| Untracked |  0
|  15|0x000000008c700000, 0x000000008c700000, 0x000000008c800000|  0%| F|  |TAMS 0x000000008c700000| PB 0x000000008c700000| Untracked |  0
|  16|0x000000008c800000, 0x000000008c800000, 0x000000008c900000|  0%| F|  |TAMS 0x000000008c800000| PB 0x000000008c800000| Untracked |  0
|  17|0x000000008c900000, 0x000000008c900000, 0x000000008ca00000|  0%| F|  |TAMS 0x000000008c900000| PB 0x000000008c900000| Untracked |  0
|  18|0x000000008ca00000, 0x000000008ca00000, 0x000000008cb00000|  0%| F|  |TAMS 0x000000008ca00000| PB 0x000000008ca00000| Untracked |  0
|  19|0x000000008cb00000, 0x000000008cb00000, 0x000000008cc00000|  0%| F|  |TAMS 0x000000008cb00000| PB 0x000000008cb00000| Untracked |  0
|  20|0x000000008cc00000, 0x000000008cc00000, 0x000000008cd00000|  0%| F|  |TAMS 0x000000008cc00000| PB 0x000000008cc00000| Untracked |  0
|  21|0x000000008cd00000, 0x000000008cd00000, 0x000000008ce00000|  0%| F|  |TAMS 0x000000008cd00000| PB 0x000000008cd00000| Untracked |  0
|  22|0x000000008ce00000, 0x000000008ce00000, 0x000000008cf00000|  0%| F|  |TAMS 0x000000008ce00000| PB 0x000000008ce00000| Untracked |  0
|  23|0x000000008cf00000, 0x000000008cf00000, 0x000000008d000000|  0%| F|  |TAMS 0x000000008cf00000| PB 0x000000008cf00000| Untracked |  0
|  24|0x000000008d000000, 0x000000008d000000, 0x000000008d100000|  0%| F|  |TAMS 0x000000008d000000| PB 0x000000008d000000| Untracked |  0
|  25|0x000000008d100000, 0x000000008d100000, 0x000000008d200000|  0%| F|  |TAMS 0x000000008d100000| PB 0x000000008d100000| Untracked |  0
|  26|0x000000008d200000, 0x000000008d200000, 0x000000008d300000|  0%| F|  |TAMS 0x000000008d200000| PB 0x000000008d200000| Untracked |  0
|  27|0x000000008d300000, 0x000000008d300000, 0x000000008d400000|  0%| F|  |TAMS 0x000000008d300000| PB 0x000000008d300000| Untracked |  0
|  28|0x000000008d400000, 0x000000008d400000, 0x000000008d500000|  0%| F|  |TAMS 0x000000008d400000| PB 0x000000008d400000| Untracked |  0
|  29|0x000000008d500000, 0x000000008d500000, 0x000000008d600000|  0%| F|  |TAMS 0x000000008d500000| PB 0x000000008d500000| Untracked |  0
|  30|0x000000008d600000, 0x000000008d600000, 0x000000008d700000|  0%| F|  |TAMS 0x000000008d600000| PB 0x000000008d600000| Untracked |  0
|  31|0x000000008d700000, 0x000000008d700000, 0x000000008d800000|  0%| F|  |TAMS 0x000000008d700000| PB 0x000000008d700000| Untracked |  0
|  32|0x000000008d800000, 0x000000008d800000, 0x000000008d900000|  0%| F|  |TAMS 0x000000008d800000| PB 0x000000008d800000| Untracked |  0
|  33|0x000000008d900000, 0x000000008d900000, 0x000000008da00000|  0%| F|  |TAMS 0x000000008d900000| PB 0x000000008d900000| Untracked |  0
|  34|0x000000008da00000, 0x000000008da00000, 0x000000008db00000|  0%| F|  |TAMS 0x000000008da00000| PB 0x000000008da00000| Untracked |  0
|  35|0x000000008db00000, 0x000000008db00000, 0x000000008dc00000|  0%| F|  |TAMS 0x000000008db00000| PB 0x000000008db00000| Untracked |  0
|  36|0x000000008dc00000, 0x000000008dc00000, 0x000000008dd00000|  0%| F|  |TAMS 0x000000008dc00000| PB 0x000000008dc00000| Untracked |  0
|  37|0x000000008dd00000, 0x000000008dd00000, 0x000000008de00000|  0%| F|  |TAMS 0x000000008dd00000| PB 0x000000008dd00000| Untracked |  0
|  38|0x000000008de00000, 0x000000008de00000, 0x000000008df00000|  0%| F|  |TAMS 0x000000008de00000| PB 0x000000008de00000| Untracked |  0
|  39|0x000000008df00000, 0x000000008df00000, 0x000000008e000000|  0%| F|  |TAMS 0x000000008df00000| PB 0x000000008df00000| Untracked |  0
|  40|0x000000008e000000, 0x000000008e000000, 0x000000008e100000|  0%| F|  |TAMS 0x000000008e000000| PB 0x000000008e000000| Untracked |  0
|  41|0x000000008e100000, 0x000000008e100000, 0x000000008e200000|  0%| F|  |TAMS 0x000000008e100000| PB 0x000000008e100000| Untracked |  0
|  42|0x000000008e200000, 0x000000008e200000, 0x000000008e300000|  0%| F|  |TAMS 0x000000008e200000| PB 0x000000008e200000| Untracked |  0
|  43|0x000000008e300000, 0x000000008e300000, 0x000000008e400000|  0%| F|  |TAMS 0x000000008e300000| PB 0x000000008e300000| Untracked |  0
|  44|0x000000008e400000, 0x000000008e400000, 0x000000008e500000|  0%| F|  |TAMS 0x000000008e400000| PB 0x000000008e400000| Untracked |  0
|  45|0x000000008e500000, 0x000000008e500000, 0x000000008e600000|  0%| F|  |TAMS 0x000000008e500000| PB 0x000000008e500000| Untracked |  0
|  46|0x000000008e600000, 0x000000008e600000, 0x000000008e700000|  0%| F|  |TAMS 0x000000008e600000| PB 0x000000008e600000| Untracked |  0
|  47|0x000000008e700000, 0x000000008e700000, 0x000000008e800000|  0%| F|  |TAMS 0x000000008e700000| PB 0x000000008e700000| Untracked |  0
|  48|0x000000008e800000, 0x000000008e800000, 0x000000008e900000|  0%| F|  |TAMS 0x000000008e800000| PB 0x000000008e800000| Untracked |  0
|  49|0x000000008e900000, 0x000000008e900000, 0x000000008ea00000|  0%| F|  |TAMS 0x000000008e900000| PB 0x000000008e900000| Untracked |  0
|  50|0x000000008ea00000, 0x000000008ea00000, 0x000000008eb00000|  0%| F|  |TAMS 0x000000008ea00000| PB 0x000000008ea00000| Untracked |  0
|  51|0x000000008eb00000, 0x000000008eb00000, 0x000000008ec00000|  0%| F|  |TAMS 0x000000008eb00000| PB 0x000000008eb00000| Untracked |  0
|  52|0x000000008ec00000, 0x000000008ec00000, 0x000000008ed00000|  0%| F|  |TAMS 0x000000008ec00000| PB 0x000000008ec00000| Untracked |  0
|  53|0x000000008ed00000, 0x000000008ed00000, 0x000000008ee00000|  0%| F|  |TAMS 0x000000008ed00000| PB 0x000000008ed00000| Untracked |  0
|  54|0x000000008ee00000, 0x000000008ee00000, 0x000000008ef00000|  0%| F|  |TAMS 0x000000008ee00000| PB 0x000000008ee00000| Untracked |  0
|  55|0x000000008ef00000, 0x000000008ef00000, 0x000000008f000000|  0%| F|  |TAMS 0x000000008ef00000| PB 0x000000008ef00000| Untracked |  0
|  56|0x000000008f000000, 0x000000008f000000, 0x000000008f100000|  0%| F|  |TAMS 0x000000008f000000| PB 0x000000008f000000| Untracked |  0
|  57|0x000000008f100000, 0x000000008f100000, 0x000000008f200000|  0%| F|  |TAMS 0x000000008f100000| PB 0x000000008f100000| Untracked |  0
|  58|0x000000008f200000, 0x000000008f200000, 0x000000008f300000|  0%| F|  |TAMS 0x000000008f200000| PB 0x000000008f200000| Untracked |  0
|  59|0x000000008f300000, 0x000000008f300000, 0x000000008f400000|  0%| F|  |TAMS 0x000000008f300000| PB 0x000000008f300000| Untracked |  0
|  60|0x000000008f400000, 0x000000008f400000, 0x000000008f500000|  0%| F|  |TAMS 0x000000008f400000| PB 0x000000008f400000| Untracked |  0
|  61|0x000000008f500000, 0x000000008f500000, 0x000000008f600000|  0%| F|  |TAMS 0x000000008f500000| PB 0x000000008f500000| Untracked |  0
|  62|0x000000008f600000, 0x000000008f600000, 0x000000008f700000|  0%| F|  |TAMS 0x000000008f600000| PB 0x000000008f600000| Untracked |  0
|  63|0x000000008f700000, 0x000000008f700000, 0x000000008f800000|  0%| F|  |TAMS 0x000000008f700000| PB 0x000000008f700000| Untracked |  0
|  64|0x000000008f800000, 0x000000008f800000, 0x000000008f900000|  0%| F|  |TAMS 0x000000008f800000| PB 0x000000008f800000| Untracked |  0
|  65|0x000000008f900000, 0x000000008f93fff0, 0x000000008fa00000| 24%| S|CS|TAMS 0x000000008f900000| PB 0x000000008f900000| Complete |  0
|  66|0x000000008fa00000, 0x000000008fb00000, 0x000000008fb00000|100%| S|CS|TAMS 0x000000008fa00000| PB 0x000000008fa00000| Complete |  0
|  67|0x000000008fb00000, 0x000000008fc00000, 0x000000008fc00000|100%| S|CS|TAMS 0x000000008fb00000| PB 0x000000008fb00000| Complete |  0
|  68|0x000000008fc00000, 0x000000008fd00000, 0x000000008fd00000|100%| S|CS|TAMS 0x000000008fc00000| PB 0x000000008fc00000| Complete |  0
|  69|0x000000008fd00000, 0x000000008fe00000, 0x000000008fe00000|100%| S|CS|TAMS 0x000000008fd00000| PB 0x000000008fd00000| Complete |  0
|  70|0x000000008fe00000, 0x000000008ff00000, 0x000000008ff00000|100%| S|CS|TAMS 0x000000008fe00000| PB 0x000000008fe00000| Complete |  0
|  71|0x000000008ff00000, 0x000000008ff00000, 0x0000000090000000|  0%| F|  |TAMS 0x000000008ff00000| PB 0x000000008ff00000| Untracked |  0
|  72|0x0000000090000000, 0x0000000090000000, 0x0000000090100000|  0%| F|  |TAMS 0x0000000090000000| PB 0x0000000090000000| Untracked |  0
|  73|0x0000000090100000, 0x0000000090100000, 0x0000000090200000|  0%| F|  |TAMS 0x0000000090100000| PB 0x0000000090100000| Untracked |  0
|  74|0x0000000090200000, 0x0000000090200000, 0x0000000090300000|  0%| F|  |TAMS 0x0000000090200000| PB 0x0000000090200000| Untracked |  0
|  75|0x0000000090300000, 0x0000000090300000, 0x0000000090400000|  0%| F|  |TAMS 0x0000000090300000| PB 0x0000000090300000| Untracked |  0
|  76|0x0000000090400000, 0x0000000090400000, 0x0000000090500000|  0%| F|  |TAMS 0x0000000090400000| PB 0x0000000090400000| Untracked |  0
|  77|0x0000000090500000, 0x0000000090500000, 0x0000000090600000|  0%| F|  |TAMS 0x0000000090500000| PB 0x0000000090500000| Untracked |  0
|  78|0x0000000090600000, 0x0000000090600000, 0x0000000090700000|  0%| F|  |TAMS 0x0000000090600000| PB 0x0000000090600000| Untracked |  0
|  79|0x0000000090700000, 0x0000000090700000, 0x0000000090800000|  0%| F|  |TAMS 0x0000000090700000| PB 0x0000000090700000| Untracked |  0
|  80|0x0000000090800000, 0x0000000090800000, 0x0000000090900000|  0%| F|  |TAMS 0x0000000090800000| PB 0x0000000090800000| Untracked |  0
|  81|0x0000000090900000, 0x0000000090900000, 0x0000000090a00000|  0%| F|  |TAMS 0x0000000090900000| PB 0x0000000090900000| Untracked |  0
|  82|0x0000000090a00000, 0x0000000090a00000, 0x0000000090b00000|  0%| F|  |TAMS 0x0000000090a00000| PB 0x0000000090a00000| Untracked |  0
|  83|0x0000000090b00000, 0x0000000090b00000, 0x0000000090c00000|  0%| F|  |TAMS 0x0000000090b00000| PB 0x0000000090b00000| Untracked |  0
|  84|0x0000000090c00000, 0x0000000090c00000, 0x0000000090d00000|  0%| F|  |TAMS 0x0000000090c00000| PB 0x0000000090c00000| Untracked |  0
|  85|0x0000000090d00000, 0x0000000090d00000, 0x0000000090e00000|  0%| F|  |TAMS 0x0000000090d00000| PB 0x0000000090d00000| Untracked |  0
|  86|0x0000000090e00000, 0x0000000090e00000, 0x0000000090f00000|  0%| F|  |TAMS 0x0000000090e00000| PB 0x0000000090e00000| Untracked |  0
|  87|0x0000000090f00000, 0x0000000090f00000, 0x0000000091000000|  0%| F|  |TAMS 0x0000000090f00000| PB 0x0000000090f00000| Untracked |  0
|  88|0x0000000091000000, 0x0000000091000000, 0x0000000091100000|  0%| F|  |TAMS 0x0000000091000000| PB 0x0000000091000000| Untracked |  0
|  89|0x0000000091100000, 0x0000000091100000, 0x0000000091200000|  0%| F|  |TAMS 0x0000000091100000| PB 0x0000000091100000| Untracked |  0
|  90|0x0000000091200000, 0x0000000091200000, 0x0000000091300000|  0%| F|  |TAMS 0x0000000091200000| PB 0x0000000091200000| Untracked |  0
|  91|0x0000000091300000, 0x0000000091300000, 0x0000000091400000|  0%| F|  |TAMS 0x0000000091300000| PB 0x0000000091300000| Untracked |  0
|  92|0x0000000091400000, 0x0000000091400000, 0x0000000091500000|  0%| F|  |TAMS 0x0000000091400000| PB 0x0000000091400000| Untracked |  0
|  93|0x0000000091500000, 0x0000000091500000, 0x0000000091600000|  0%| F|  |TAMS 0x0000000091500000| PB 0x0000000091500000| Untracked |  0
|  94|0x0000000091600000, 0x0000000091600000, 0x0000000091700000|  0%| F|  |TAMS 0x0000000091600000| PB 0x0000000091600000| Untracked |  0
|  95|0x0000000091700000, 0x0000000091700000, 0x0000000091800000|  0%| F|  |TAMS 0x0000000091700000| PB 0x0000000091700000| Untracked |  0
|  96|0x0000000091800000, 0x0000000091800000, 0x0000000091900000|  0%| F|  |TAMS 0x0000000091800000| PB 0x0000000091800000| Untracked |  0
|  97|0x0000000091900000, 0x0000000091900000, 0x0000000091a00000|  0%| F|  |TAMS 0x0000000091900000| PB 0x0000000091900000| Untracked |  0
|  98|0x0000000091a00000, 0x0000000091a00000, 0x0000000091b00000|  0%| F|  |TAMS 0x0000000091a00000| PB 0x0000000091a00000| Untracked |  0
|  99|0x0000000091b00000, 0x0000000091b00000, 0x0000000091c00000|  0%| F|  |TAMS 0x0000000091b00000| PB 0x0000000091b00000| Untracked |  0
| 100|0x0000000091c00000, 0x0000000091c00000, 0x0000000091d00000|  0%| F|  |TAMS 0x0000000091c00000| PB 0x0000000091c00000| Untracked |  0
| 101|0x0000000091d00000, 0x0000000091d00000, 0x0000000091e00000|  0%| F|  |TAMS 0x0000000091d00000| PB 0x0000000091d00000| Untracked |  0
| 102|0x0000000091e00000, 0x0000000091e00000, 0x0000000091f00000|  0%| F|  |TAMS 0x0000000091e00000| PB 0x0000000091e00000| Untracked |  0
| 103|0x0000000091f00000, 0x0000000091f00000, 0x0000000092000000|  0%| F|  |TAMS 0x0000000091f00000| PB 0x0000000091f00000| Untracked |  0
| 104|0x0000000092000000, 0x0000000092000000, 0x0000000092100000|  0%| F|  |TAMS 0x0000000092000000| PB 0x0000000092000000| Untracked |  0
| 105|0x0000000092100000, 0x0000000092100000, 0x0000000092200000|  0%| F|  |TAMS 0x0000000092100000| PB 0x0000000092100000| Untracked |  0
| 106|0x0000000092200000, 0x0000000092200000, 0x0000000092300000|  0%| F|  |TAMS 0x0000000092200000| PB 0x0000000092200000| Untracked |  0
| 107|0x0000000092300000, 0x00000000923f7818, 0x0000000092400000| 96%| E|  |TAMS 0x0000000092300000| PB 0x0000000092300000| Complete |  0
| 108|0x0000000092400000, 0x00000000924fd770, 0x0000000092500000| 99%| E|  |TAMS 0x0000000092400000| PB 0x0000000092400000| Complete |  0
| 109|0x0000000092500000, 0x0000000092600000, 0x0000000092600000|100%| E|CS|TAMS 0x0000000092500000| PB 0x0000000092500000| Complete |  0
| 110|0x0000000092600000, 0x0000000092700000, 0x0000000092700000|100%| E|CS|TAMS 0x0000000092600000| PB 0x0000000092600000| Complete |  0
| 111|0x0000000092700000, 0x0000000092800000, 0x0000000092800000|100%| E|CS|TAMS 0x0000000092700000| PB 0x0000000092700000| Complete |  0
| 112|0x0000000092800000, 0x0000000092900000, 0x0000000092900000|100%| E|CS|TAMS 0x0000000092800000| PB 0x0000000092800000| Complete |  0
| 113|0x0000000092900000, 0x0000000092a00000, 0x0000000092a00000|100%| E|CS|TAMS 0x0000000092900000| PB 0x0000000092900000| Complete |  0
| 114|0x0000000092a00000, 0x0000000092b00000, 0x0000000092b00000|100%| E|CS|TAMS 0x0000000092a00000| PB 0x0000000092a00000| Complete |  0
| 115|0x0000000092b00000, 0x0000000092c00000, 0x0000000092c00000|100%| E|CS|TAMS 0x0000000092b00000| PB 0x0000000092b00000| Complete |  0
| 116|0x0000000092c00000, 0x0000000092d00000, 0x0000000092d00000|100%| E|CS|TAMS 0x0000000092c00000| PB 0x0000000092c00000| Complete |  0
| 117|0x0000000092d00000, 0x0000000092e00000, 0x0000000092e00000|100%| E|CS|TAMS 0x0000000092d00000| PB 0x0000000092d00000| Complete |  0
|1862|0x00000000ffe00000, 0x00000000fff00000, 0x00000000fff00000|100%| O|  |TAMS 0x00000000ffe00000| PB 0x00000000ffe00000| Untracked |  0
|1863|0x00000000fff00000, 0x00000000fff1d248, 0x0000000100000000| 11%| O|  |TAMS 0x00000000fff00000| PB 0x00000000fff00000| Untracked |  0

Card table byte_map: [0x0000023ba7970000,0x0000023ba7d20000] _byte_map_base: 0x0000023ba7514000

Marking Bits: (CMBitMap*) 0x0000023b8fa42ba0
 Bits: [0x0000023ba7d20000, 0x0000023ba9a40000)

Polling page: 0x0000023b8d880000

Metaspace:

Usage:
  Non-class:     11.10 MB used.
      Class:      1.17 MB used.
       Both:     12.27 MB used.

Virtual space:
  Non-class space:       64.00 MB reserved,      11.19 MB ( 17%) committed,  1 nodes.
      Class space:        1.00 GB reserved,       1.25 MB ( <1%) committed,  1 nodes.
             Both:        1.06 GB reserved,      12.44 MB (  1%) committed. 

Chunk freelists:
   Non-Class:  4.25 MB
       Class:  14.58 MB
        Both:  18.83 MB

MaxMetaspaceSize: unlimited
CompressedClassSpaceSize: 1.00 GB
Initial GC threshold: 21.00 MB
Current GC threshold: 21.00 MB
CDS: on
 - commit_granule_bytes: 65536.
 - commit_granule_words: 8192.
 - virtual_space_node_default_size: 8388608.
 - enlarge_chunks_in_place: 1.
UseCompressedClassPointers 1, UseCompactObjectHeaders 0
Narrow klass pointer bits 32, Max shift 3
Narrow klass base: 0x0000023bad000000, Narrow klass shift: 0
Encoding Range: [0x0000023bad000000 - 0x0000023cad000000), (4294967296 bytes)
Klass Range:    [0x0000023bad000000 - 0x0000023bee000000), (1090519040 bytes)
Klass ID Range:  [8 - 1090519033) (1090519025)


Internal statistics:

num_allocs_failed_limit: 0.
num_arena_births: 126.
num_arena_deaths: 0.
num_vsnodes_births: 2.
num_vsnodes_deaths: 0.
num_space_committed: 199.
num_space_uncommitted: 0.
num_chunks_returned_to_freelist: 0.
num_chunks_taken_from_freelist: 498.
num_chunk_merges: 0.
num_chunk_splits: 361.
num_chunks_enlarged: 298.
num_inconsistent_stats: 0.

CodeHeap 'non-profiled nmethods': size=120064Kb used=456Kb max_used=456Kb free=119608Kb
 bounds [0x0000023b9fd50000, 0x0000023b9ffc0000, 0x0000023ba7290000]
CodeHeap 'profiled nmethods': size=120000Kb used=2486Kb max_used=2486Kb free=117513Kb
 bounds [0x0000023b98290000, 0x0000023b98500000, 0x0000023b9f7c0000]
CodeHeap 'non-nmethods': size=5696Kb used=1484Kb max_used=1484Kb free=4211Kb
 bounds [0x0000023b9f7c0000, 0x0000023b9fa30000, 0x0000023b9fd50000]
CodeCache: size=245760Kb, used=4426Kb, max_used=4426Kb, free=241332Kb
 total_blobs=2327, nmethods=1678, adapters=553, full_count=0
Compilation: enabled, stopped_count=0, restarted_count=0

Compilation events (20 events):
Event: 2.381 Thread 0x0000023bac495fa0 nmethod 1487 0x0000023b984b0708 code [0x0000023b984b08c0, 0x0000023b984b15d8]
Event: 2.381 Thread 0x0000023bac495fa0 1503       3       sun.util.locale.provider.LocaleProviderAdapter$$Lambda/0x800000060::apply (8 bytes)
Event: 2.381 Thread 0x0000023bac495fa0 nmethod 1503 0x0000023b984b1688 code [0x0000023b984b17a0, 0x0000023b984b19b0]
Event: 2.381 Thread 0x0000023bac495fa0 1473       3       java.util.Locale$LocaleCache::apply (6 bytes)
Event: 2.381 Thread 0x0000023bac495fa0 nmethod 1473 0x0000023b984b1a08 code [0x0000023b984b1b20, 0x0000023b984b1cd8]
Event: 2.381 Thread 0x0000023bac495fa0 1474       3       java.util.Locale$LocaleCache::apply (43 bytes)
Event: 2.381 Thread 0x0000023bac495fa0 nmethod 1474 0x0000023b984b1d08 code [0x0000023b984b1e80, 0x0000023b984b2640]
Event: 2.381 Thread 0x0000023bac495fa0 1518       3       sun.util.locale.LanguageTag::isExtlang (21 bytes)
Event: 2.382 Thread 0x0000023bac495fa0 nmethod 1518 0x0000023b984b2688 code [0x0000023b984b2840, 0x0000023b984b3530]
Event: 2.382 Thread 0x0000023bac495fa0 1519       3       sun.util.locale.LanguageTag::isScript (21 bytes)
Event: 2.383 Thread 0x0000023bac495fa0 nmethod 1519 0x0000023b984b3608 code [0x0000023b984b37c0, 0x0000023b984b44b0]
Event: 2.383 Thread 0x0000023bac495fa0 1520       3       sun.util.locale.LanguageTag::isRegion (36 bytes)
Event: 2.384 Thread 0x0000023bac495fa0 nmethod 1520 0x0000023b984b4588 code [0x0000023b984b4800, 0x0000023b984b6060]
Event: 2.384 Thread 0x0000023bac495fa0 1524       3       sun.util.locale.BaseLocale::equals (83 bytes)
Event: 2.384 Thread 0x0000023bac495fa0 nmethod 1524 0x0000023b984b6108 code [0x0000023b984b6280, 0x0000023b984b6840]
Event: 2.384 Thread 0x0000023bac495fa0 1489       3       sun.util.locale.InternalLocaleBuilder::<init> (29 bytes)
Event: 2.384 Thread 0x0000023bac495fa0 nmethod 1489 0x0000023b984b6888 code [0x0000023b984b69c0, 0x0000023b984b6ce0]
Event: 2.384 Thread 0x0000023bac495fa0 1526   !   3       sun.util.locale.provider.LocaleServiceProviderPool::getLookupLocale (117 bytes)
Event: 2.428 Thread 0x0000023bac495fa0 nmethod 1526 0x0000023b984b6d08 code [0x0000023b984b7040, 0x0000023b984b8b20]
Event: 2.428 Thread 0x0000023bac495fa0 1490       3       sun.util.locale.InternalLocaleBuilder::setLanguageTag (173 bytes)

GC Heap History (0 events):
No events

Dll operation events (20 events):
Event: 0.899 Loaded shared library C:\Users\2021c\javafx-sdk-24.0.2\bin\api-ms-win-crt-heap-l1-1-0.dll
Event: 0.904 Loaded shared library C:\Users\2021c\javafx-sdk-24.0.2\bin\api-ms-win-crt-locale-l1-1-0.dll
Event: 0.908 Loaded shared library C:\Users\2021c\javafx-sdk-24.0.2\bin\api-ms-win-crt-math-l1-1-0.dll
Event: 0.914 Loaded shared library C:\Users\2021c\javafx-sdk-24.0.2\bin\api-ms-win-crt-multibyte-l1-1-0.dll
Event: 0.919 Loaded shared library C:\Users\2021c\javafx-sdk-24.0.2\bin\api-ms-win-crt-private-l1-1-0.dll
Event: 0.923 Loaded shared library C:\Users\2021c\javafx-sdk-24.0.2\bin\api-ms-win-crt-process-l1-1-0.dll
Event: 0.928 Loaded shared library C:\Users\2021c\javafx-sdk-24.0.2\bin\api-ms-win-crt-runtime-l1-1-0.dll
Event: 0.932 Loaded shared library C:\Users\2021c\javafx-sdk-24.0.2\bin\api-ms-win-crt-stdio-l1-1-0.dll
Event: 0.938 Loaded shared library C:\Users\2021c\javafx-sdk-24.0.2\bin\api-ms-win-crt-string-l1-1-0.dll
Event: 0.942 Loaded shared library C:\Users\2021c\javafx-sdk-24.0.2\bin\api-ms-win-crt-time-l1-1-0.dll
Event: 0.948 Loaded shared library C:\Users\2021c\javafx-sdk-24.0.2\bin\api-ms-win-crt-utility-l1-1-0.dll
Event: 0.955 Loaded shared library C:\Users\2021c\javafx-sdk-24.0.2\bin\ucrtbase.dll
Event: 0.960 Loaded shared library C:\Users\2021c\javafx-sdk-24.0.2\bin\vcruntime140.dll
Event: 0.964 Loaded shared library C:\Users\2021c\javafx-sdk-24.0.2\bin\vcruntime140_1.dll
Event: 0.970 Loaded shared library C:\Users\2021c\javafx-sdk-24.0.2\bin\msvcp140.dll
Event: 0.975 Loaded shared library C:\Users\2021c\javafx-sdk-24.0.2\bin\msvcp140_1.dll
Event: 0.982 Loaded shared library C:\Users\2021c\javafx-sdk-24.0.2\bin\msvcp140_2.dll
Event: 1.062 Loaded shared library C:\Users\2021c\javafx-sdk-24.0.2\bin\prism_d3d.dll
Event: 1.235 Loaded shared library C:\Users\2021c\javafx-sdk-24.0.2\bin\glass.dll
Event: 1.574 Loaded shared library C:\Program Files\Java\jdk-24\bin\jimage.dll

Deoptimization events (20 events):
Event: 1.968 Thread 0x0000023bf24448f0 Uncommon trap: trap_request=0xffffff6e fr.pc=0x0000023b9fda9168 relative=0x0000000000000268
Event: 1.968 Thread 0x0000023bf24448f0 Uncommon trap: reason=loop_limit_check action=maybe_recompile pc=0x0000023b9fda9168 method=java.math.BigInteger.implMulAdd([I[IIII)I @ 26 c2
Event: 1.968 Thread 0x0000023bf24448f0 DEOPT PACKING pc=0x0000023b9fda9168 sp=0x000000d5727fbdb0
Event: 1.968 Thread 0x0000023bf24448f0 DEOPT UNPACKING pc=0x0000023b9f8d4102 sp=0x000000d5727fbd00 mode 2
Event: 2.013 Thread 0x0000023bf24448f0 Uncommon trap: trap_request=0xffffff4d fr.pc=0x0000023b9fd7d900 relative=0x00000000000000e0
Event: 2.013 Thread 0x0000023bf24448f0 Uncommon trap: reason=unstable_if action=reinterpret pc=0x0000023b9fd7d900 method=java.util.HashMap.hash(Ljava/lang/Object;)I @ 1 c2
Event: 2.013 Thread 0x0000023bf24448f0 DEOPT PACKING pc=0x0000023b9fd7d900 sp=0x000000d5727fc670
Event: 2.013 Thread 0x0000023bf24448f0 DEOPT UNPACKING pc=0x0000023b9f8d4102 sp=0x000000d5727fc5b0 mode 2
Event: 2.013 Thread 0x0000023bf24448f0 Uncommon trap: trap_request=0xffffff4d fr.pc=0x0000023b9fd7caa8 relative=0x00000000000000a8
Event: 2.013 Thread 0x0000023bf24448f0 Uncommon trap: reason=unstable_if action=reinterpret pc=0x0000023b9fd7caa8 method=java.util.HashMap.hash(Ljava/lang/Object;)I @ 1 c2
Event: 2.013 Thread 0x0000023bf24448f0 DEOPT PACKING pc=0x0000023b9fd7caa8 sp=0x000000d5727fc610
Event: 2.013 Thread 0x0000023bf24448f0 DEOPT UNPACKING pc=0x0000023b9f8d4102 sp=0x000000d5727fc5a8 mode 2
Event: 2.044 Thread 0x0000023bf24448f0 Uncommon trap: trap_request=0xffffff4d fr.pc=0x0000023b9fd7d630 relative=0x0000000000000190
Event: 2.044 Thread 0x0000023bf24448f0 Uncommon trap: reason=unstable_if action=reinterpret pc=0x0000023b9fd7d630 method=jdk.internal.util.ArraysSupport.vectorizedHashCode(Ljava/lang/Object;IIII)I @ 2 c2
Event: 2.044 Thread 0x0000023bf24448f0 DEOPT PACKING pc=0x0000023b9fd7d630 sp=0x000000d5727fda30
Event: 2.044 Thread 0x0000023bf24448f0 DEOPT UNPACKING pc=0x0000023b9f8d4102 sp=0x000000d5727fd9e0 mode 2
Event: 2.337 Thread 0x0000023bf24448f0 Uncommon trap: trap_request=0xffffff4d fr.pc=0x0000023b9fdaf4a0 relative=0x0000000000000b20
Event: 2.337 Thread 0x0000023bf24448f0 Uncommon trap: reason=unstable_if action=reinterpret pc=0x0000023b9fdaf4a0 method=java.util.concurrent.ConcurrentHashMap.putVal(Ljava/lang/Object;Ljava/lang/Object;Z)Ljava/lang/Object; @ 148 c2
Event: 2.337 Thread 0x0000023bf24448f0 DEOPT PACKING pc=0x0000023b9fdaf4a0 sp=0x000000d5727faee0
Event: 2.337 Thread 0x0000023bf24448f0 DEOPT UNPACKING pc=0x0000023b9f8d4102 sp=0x000000d5727fae50 mode 2

Classes loaded (20 events):
Event: 2.223 Loading class java/lang/invoke/InnerClassLambdaMetafactory$SerializationSupport
Event: 2.223 Loading class java/lang/invoke/InnerClassLambdaMetafactory$SerializationSupport done
Event: 2.223 Loading class java/lang/invoke/InnerClassLambdaMetafactory$4
Event: 2.224 Loading class java/lang/invoke/InnerClassLambdaMetafactory$4 done
Event: 2.224 Loading class sun/invoke/util/BytecodeDescriptor
Event: 2.224 Loading class sun/invoke/util/BytecodeDescriptor done
Event: 2.224 Loading class jdk/internal/classfile/impl/AbstractPoolEntry$IntegerEntryImpl
Event: 2.225 Loading class java/lang/classfile/constantpool/IntegerEntry
Event: 2.225 Loading class java/lang/classfile/constantpool/IntegerEntry done
Event: 2.225 Loading class jdk/internal/classfile/impl/AbstractPoolEntry$IntegerEntryImpl done
Event: 2.331 Loading class sun/util/locale/provider/LocaleServiceProviderPool$AllAvailableLocales
Event: 2.332 Loading class sun/util/locale/provider/LocaleServiceProviderPool$AllAvailableLocales done
Event: 2.335 Loading class sun/util/locale/provider/FallbackLocaleProviderAdapter
Event: 2.335 Loading class sun/util/locale/provider/FallbackLocaleProviderAdapter done
Event: 2.336 Loading class sun/util/locale/provider/BreakIteratorProviderImpl
Event: 2.336 Loading class sun/util/locale/provider/BreakIteratorProviderImpl done
Event: 2.336 Loading class sun/util/locale/provider/BaseLocaleDataMetaInfo
Event: 2.337 Loading class sun/util/locale/provider/BaseLocaleDataMetaInfo done
Event: 2.341 Loading class sun/util/locale/provider/CollatorProviderImpl
Event: 2.342 Loading class sun/util/locale/provider/CollatorProviderImpl done

Classes unloaded (0 events):
No events

Classes redefined (0 events):
No events

Internal exceptions (20 events):
Event: 1.562 Thread 0x0000023b8d737ba0 Exception <a 'java/lang/NoSuchMethodError'{0x0000000091707158}: 'java.lang.Object java.lang.invoke.DirectMethodHandle$Holder.newInvokeSpecial(java.lang.Object, java.lang.Object, java.lang.Object, java.lang.Object, java.lang.Object, java.lang.Object)'> (0x0000000091707158) 
thrown [s\open\src\hotspot\share\interpreter\linkResolver.cpp, line 805]
Event: 1.571 Thread 0x0000023bf24448f0 Exception <a 'java/lang/NoSuchMethodError'{0x000000009178ad00}: 'java.lang.Object java.lang.invoke.Invokers$Holder.invokeExact_MT(java.lang.Object, java.lang.Object, java.lang.Object, java.lang.Object, java.lang.Object)'> (0x000000009178ad00) 
thrown [s\open\src\hotspot\share\interpreter\linkResolver.cpp, line 805]
Event: 1.589 Thread 0x0000023b8d737ba0 Exception <a 'java/lang/NoSuchMethodError'{0x0000000091765e80}: 'java.lang.Object java.lang.invoke.DirectMethodHandle$Holder.newInvokeSpecial(java.lang.Object, java.lang.Object, java.lang.Object, java.lang.Object, java.lang.Object)'> (0x0000000091765e80) 
thrown [s\open\src\hotspot\share\interpreter\linkResolver.cpp, line 805]
Event: 1.645 Thread 0x0000023bf24448f0 Exception <a 'sun/nio/fs/WindowsException'{0x00000000914d6ac8}> (0x00000000914d6ac8) 
thrown [s\open\src\hotspot\share\prims\jni.cpp, line 518]
Event: 1.698 Thread 0x0000023bf24448f0 Exception <a 'sun/nio/fs/WindowsException'{0x0000000091374288}> (0x0000000091374288) 
thrown [s\open\src\hotspot\share\prims\jni.cpp, line 518]
Event: 1.871 Thread 0x0000023bf24448f0 Exception <a 'java/lang/NoSuchMethodError'{0x00000000911fe120}: 'int java.lang.invoke.DirectMethodHandle$Holder.invokeVirtual(java.lang.Object, java.lang.Object, java.lang.Object)'> (0x00000000911fe120) 
thrown [s\open\src\hotspot\share\interpreter\linkResolver.cpp, line 805]
Event: 1.877 Thread 0x0000023bf24448f0 Exception <a 'sun/nio/fs/WindowsException'{0x000000009101b3b8}> (0x000000009101b3b8) 
thrown [s\open\src\hotspot\share\prims\jni.cpp, line 518]
Event: 1.883 Thread 0x0000023bf24448f0 Exception <a 'sun/nio/fs/WindowsException'{0x00000000910371a8}> (0x00000000910371a8) 
thrown [s\open\src\hotspot\share\prims\jni.cpp, line 518]
Event: 1.884 Thread 0x0000023bf24448f0 Exception <a 'sun/nio/fs/WindowsException'{0x00000000910379a8}> (0x00000000910379a8) 
thrown [s\open\src\hotspot\share\prims\jni.cpp, line 518]
Event: 1.935 Thread 0x0000023bf24448f0 Exception <a 'java/lang/NoSuchMethodError'{0x0000000090f2e190}: 'void java.lang.invoke.DirectMethodHandle$Holder.invokeStaticInit(java.lang.Object, java.lang.Object, java.lang.Object, java.lang.Object, java.lang.Object)'> (0x0000000090f2e190) 
thrown [s\open\src\hotspot\share\interpreter\linkResolver.cpp, line 805]
Event: 1.999 Thread 0x0000023bf24448f0 Exception <a 'sun/nio/fs/WindowsException'{0x0000000090cdad90}> (0x0000000090cdad90) 
thrown [s\open\src\hotspot\share\prims\jni.cpp, line 518]
Event: 2.007 Thread 0x0000023bf24448f0 Exception <a 'java/lang/NoSuchMethodError'{0x0000000090cec738}: 'java.lang.Object java.lang.invoke.DirectMethodHandle$Holder.invokeStatic(java.lang.Object, int, java.lang.Object)'> (0x0000000090cec738) 
thrown [s\open\src\hotspot\share\interpreter\linkResolver.cpp, line 805]
Event: 2.013 Thread 0x0000023bf24448f0 Implicit null exception at 0x0000023b9fd7d856 to 0x0000023b9fd7d8f6
Event: 2.013 Thread 0x0000023bf24448f0 Implicit null exception at 0x0000023b9fd7ca1d to 0x0000023b9fd7ca99
Event: 2.192 Thread 0x0000023bf24448f0 Exception <a 'java/lang/NoSuchMethodError'{0x00000000907af400}: 'void java.lang.invoke.DirectMethodHandle$Holder.invokeSpecial(java.lang.Object, java.lang.Object, long)'> (0x00000000907af400) 
thrown [s\open\src\hotspot\share\interpreter\linkResolver.cpp, line 805]
Event: 2.218 Thread 0x0000023bf24448f0 Exception <a 'java/lang/NoSuchMethodError'{0x0000000090611680}: 'int java.lang.invoke.DirectMethodHandle$Holder.invokeVirtual(java.lang.Object, java.lang.Object)'> (0x0000000090611680) 
thrown [s\open\src\hotspot\share\interpreter\linkResolver.cpp, line 805]
Event: 2.222 Thread 0x0000023bf24448f0 Exception <a 'java/lang/NoSuchMethodError'{0x0000000090627f40}: 'int java.lang.invoke.DirectMethodHandle$Holder.invokeStatic(java.lang.Object, java.lang.Object, java.lang.Object, java.lang.Object)'> (0x0000000090627f40) 
thrown [s\open\src\hotspot\share\interpreter\linkResolver.cpp, line 805]
Event: 2.227 Thread 0x0000023bf24448f0 Exception <a 'java/lang/NoSuchMethodError'{0x00000000906393c0}: 'void java.lang.invoke.DirectMethodHandle$Holder.invokeStaticInit(java.lang.Object, java.lang.Object)'> (0x00000000906393c0) 
thrown [s\open\src\hotspot\share\interpreter\linkResolver.cpp, line 805]
Event: 2.325 Thread 0x0000023bf24448f0 Exception <a 'java/lang/NoSuchMethodError'{0x0000000090393888}: 'java.lang.Object java.lang.invoke.DirectMethodHandle$Holder.invokeStaticInit(java.lang.Object, java.lang.Object, java.lang.Object, java.lang.Object)'> (0x0000000090393888) 
thrown [s\open\src\hotspot\share\interpreter\linkResolver.cpp, line 805]
Event: 2.328 Thread 0x0000023bf24448f0 Exception <a 'java/lang/NullPointerException'{0x00000000903a7490}> (0x00000000903a7490) 
thrown [s\open\src\hotspot\share\interpreter\linkResolver.cpp, line 1417]

VM Operations (20 events):
Event: 0.486 Executing VM operation: HandshakeAllThreads (Deoptimize)
Event: 0.486 Executing VM operation: HandshakeAllThreads (Deoptimize) done
Event: 1.224 Executing VM operation: HandshakeAllThreads (Deoptimize)
Event: 1.224 Executing VM operation: HandshakeAllThreads (Deoptimize) done
Event: 1.654 Executing VM operation: HandshakeAllThreads (Deoptimize)
Event: 1.654 Executing VM operation: HandshakeAllThreads (Deoptimize) done
Event: 1.700 Executing VM operation: HandshakeAllThreads (Deoptimize)
Event: 1.700 Executing VM operation: HandshakeAllThreads (Deoptimize) done
Event: 1.729 Executing VM operation: HandshakeAllThreads (Deoptimize)
Event: 1.729 Executing VM operation: HandshakeAllThreads (Deoptimize) done
Event: 1.796 Executing VM operation: HandshakeAllThreads (Deoptimize)
Event: 1.797 Executing VM operation: HandshakeAllThreads (Deoptimize) done
Event: 1.797 Executing VM operation: HandshakeAllThreads (Deoptimize)
Event: 1.797 Executing VM operation: HandshakeAllThreads (Deoptimize) done
Event: 1.830 Executing VM operation: HandshakeAllThreads (Deoptimize)
Event: 1.830 Executing VM operation: HandshakeAllThreads (Deoptimize) done
Event: 1.992 Executing VM operation: HandshakeAllThreads (Deoptimize)
Event: 1.992 Executing VM operation: HandshakeAllThreads (Deoptimize) done
Event: 2.340 Executing VM operation: HandshakeAllThreads (Deoptimize)
Event: 2.340 Executing VM operation: HandshakeAllThreads (Deoptimize) done

Memory protections (0 events):
No events

Nmethod flushes (0 events):
No events

Events (17 events):
Event: 0.046 Thread 0x0000023b8d737ba0 Thread added: 0x0000023b8d737ba0
Event: 0.064 Thread 0x0000023b8d737ba0 Thread added: 0x0000023bac46f1e0
Event: 0.064 Thread 0x0000023b8d737ba0 Thread added: 0x0000023bac46f920
Event: 0.065 Thread 0x0000023b8d737ba0 Thread added: 0x0000023bac470cc0
Event: 0.065 Thread 0x0000023b8d737ba0 Thread added: 0x0000023bac4717f0
Event: 0.065 Thread 0x0000023b8d737ba0 Thread added: 0x0000023bac472320
Event: 0.065 Thread 0x0000023b8d737ba0 Thread added: 0x0000023bac4744a0
Event: 0.065 Thread 0x0000023b8d737ba0 Thread added: 0x0000023bac494410
Event: 0.065 Thread 0x0000023b8d737ba0 Thread added: 0x0000023bac495fa0
Event: 0.104 Thread 0x0000023b8d737ba0 Thread added: 0x0000023bac5868a0
Event: 0.512 Thread 0x0000023b8d737ba0 Thread added: 0x0000023bf2794b40
Event: 1.048 Thread 0x0000023b8d737ba0 Thread added: 0x0000023bf225b460
Event: 1.237 Thread 0x0000023b8d737ba0 Thread added: 0x0000023bf20b8f40
Event: 1.245 Thread 0x0000023b8d737ba0 Thread added: 0x0000023bf24448f0
Event: 1.584 Thread 0x0000023bac5ae7e0 Thread added: 0x0000023bac5ae7e0
Event: 1.590 Thread 0x0000023b8d737ba0 Thread added: 0x0000023bac5aef20
Event: 2.198 Thread 0x0000023bf24448f0 Thread added: 0x0000023bf3098870


Dynamic libraries:
0x00007ff7a8110000 - 0x00007ff7a8120000 	C:\Program Files\Java\jdk-24\bin\javaw.exe
0x00007ffa01340000 - 0x00007ffa015a8000 	C:\Windows\SYSTEM32\ntdll.dll
0x00007ffa01130000 - 0x00007ffa011f9000 	C:\Windows\System32\KERNEL32.DLL
0x00007ff9fece0000 - 0x00007ff9ff0d2000 	C:\Windows\System32\KERNELBASE.dll
0x00007ff9fe6f0000 - 0x00007ff9fe83b000 	C:\Windows\System32\ucrtbase.dll
0x00007ff9ee600000 - 0x00007ff9ee616000 	C:\Program Files\Java\jdk-24\bin\jli.dll
0x00007ff9ee5e0000 - 0x00007ff9ee5fb000 	C:\Program Files\Java\jdk-24\bin\VCRUNTIME140.dll
0x00007ff9ff200000 - 0x00007ff9ff3c5000 	C:\Windows\System32\USER32.dll
0x00007ff9ebaa0000 - 0x00007ff9ebd33000 	C:\Windows\WinSxS\amd64_microsoft.windows.common-controls_6595b64144ccf1df_6.0.26100.6899_none_3e0efeeae32e88c1\COMCTL32.dll
0x00007ff9ff0e0000 - 0x00007ff9ff107000 	C:\Windows\System32\win32u.dll
0x00007ff9ff830000 - 0x00007ff9ff8d9000 	C:\Windows\System32\msvcrt.dll
0x00007ff9ff110000 - 0x00007ff9ff13b000 	C:\Windows\System32\GDI32.dll
0x00007ff9fe8d0000 - 0x00007ff9fe9fd000 	C:\Windows\System32\gdi32full.dll
0x00007ff9fec30000 - 0x00007ff9fecd3000 	C:\Windows\System32\msvcp_win.dll
0x00007ffa01200000 - 0x00007ffa0122f000 	C:\Windows\System32\IMM32.DLL
0x00007ff9ec5a0000 - 0x00007ff9ec5ac000 	C:\Program Files\Java\jdk-24\bin\vcruntime140_1.dll
0x00007ff9d40c0000 - 0x00007ff9d414e000 	C:\Program Files\Java\jdk-24\bin\msvcp140.dll
0x00007ff9a8150000 - 0x00007ff9a8ef1000 	C:\Program Files\Java\jdk-24\bin\server\jvm.dll
0x00007ff9ff140000 - 0x00007ff9ff1f4000 	C:\Windows\System32\ADVAPI32.dll
0x00007ffa01240000 - 0x00007ffa012e6000 	C:\Windows\System32\sechost.dll
0x00007ff9fff00000 - 0x00007ffa00018000 	C:\Windows\System32\RPCRT4.dll
0x00007ffa002e0000 - 0x00007ffa00354000 	C:\Windows\System32\WS2_32.dll
0x00007ff9fe190000 - 0x00007ff9fe1ee000 	C:\Windows\SYSTEM32\POWRPROF.dll
0x00007ff9ec540000 - 0x00007ff9ec54b000 	C:\Windows\SYSTEM32\VERSION.dll
0x00007ff9f2d20000 - 0x00007ff9f2d55000 	C:\Windows\SYSTEM32\WINMM.dll
0x00007ff9fe170000 - 0x00007ff9fe184000 	C:\Windows\SYSTEM32\UMPDC.dll
0x00007ff9fd310000 - 0x00007ff9fd32b000 	C:\Windows\SYSTEM32\kernel.appcore.dll
0x00007ff9ec590000 - 0x00007ff9ec59a000 	C:\Program Files\Java\jdk-24\bin\jimage.dll
0x00007ff9efde0000 - 0x00007ff9f0022000 	C:\Windows\SYSTEM32\DBGHELP.DLL
0x00007ff9ff8e0000 - 0x00007ff9ffc5b000 	C:\Windows\System32\combase.dll
0x00007ffa00020000 - 0x00007ffa000f7000 	C:\Windows\System32\OLEAUT32.dll
0x00007ff9eabc0000 - 0x00007ff9eabfc000 	C:\Windows\SYSTEM32\dbgcore.DLL
0x00007ff9fe650000 - 0x00007ff9fe6e8000 	C:\Windows\System32\bcryptPrimitives.dll
0x00007ff9e1b50000 - 0x00007ff9e1b6e000 	C:\Program Files\Java\jdk-24\bin\java.dll
0x00007ff9ffc60000 - 0x00007ff9ffdf8000 	C:\Windows\System32\ole32.dll
0x00007ffa003c0000 - 0x00007ffa00b0d000 	C:\Windows\System32\SHELL32.dll
0x00007ff9fea00000 - 0x00007ff9feb6b000 	C:\Windows\System32\wintypes.dll
0x00007ff9fc100000 - 0x00007ff9fc95d000 	C:\Windows\SYSTEM32\windows.storage.dll
0x00007ff9ffe00000 - 0x00007ff9ffef2000 	C:\Windows\System32\SHCORE.dll
0x00007ffa010c0000 - 0x00007ffa01122000 	C:\Windows\System32\shlwapi.dll
0x00007ff9fe3f0000 - 0x00007ff9fe419000 	C:\Windows\SYSTEM32\profapi.dll
0x00007ff9ce730000 - 0x00007ff9ce807000 	C:\Program Files\Java\jdk-24\bin\jsvml.dll
0x00007ff9ec580000 - 0x00007ff9ec590000 	C:\Program Files\Java\jdk-24\bin\net.dll
0x00007ff9fd880000 - 0x00007ff9fd8eb000 	C:\Windows\system32\mswsock.dll
0x00007ff9e1680000 - 0x00007ff9e1696000 	C:\Program Files\Java\jdk-24\bin\nio.dll
0x00007ff9dfa80000 - 0x00007ff9dfa97000 	C:\Program Files\Java\jdk-24\bin\zip.dll
0x0000023b8d8c0000 - 0x0000023b8d8c4000 	C:\Users\2021c\javafx-sdk-24.0.2\bin\api-ms-win-core-console-l1-1-0.dll
0x0000023b8f190000 - 0x0000023b8f194000 	C:\Users\2021c\javafx-sdk-24.0.2\bin\api-ms-win-core-console-l1-2-0.dll
0x0000023b8f980000 - 0x0000023b8f984000 	C:\Users\2021c\javafx-sdk-24.0.2\bin\api-ms-win-core-datetime-l1-1-0.dll
0x0000023b8f990000 - 0x0000023b8f994000 	C:\Users\2021c\javafx-sdk-24.0.2\bin\api-ms-win-core-debug-l1-1-0.dll
0x0000023b8f9a0000 - 0x0000023b8f9a4000 	C:\Users\2021c\javafx-sdk-24.0.2\bin\api-ms-win-core-errorhandling-l1-1-0.dll
0x0000023baca30000 - 0x0000023baca35000 	C:\Users\2021c\javafx-sdk-24.0.2\bin\api-ms-win-core-file-l1-1-0.dll
0x0000023baca40000 - 0x0000023baca44000 	C:\Users\2021c\javafx-sdk-24.0.2\bin\api-ms-win-core-file-l1-2-0.dll
0x0000023baca50000 - 0x0000023baca54000 	C:\Users\2021c\javafx-sdk-24.0.2\bin\api-ms-win-core-file-l2-1-0.dll
0x0000023baca60000 - 0x0000023baca64000 	C:\Users\2021c\javafx-sdk-24.0.2\bin\api-ms-win-core-handle-l1-1-0.dll
0x0000023baca70000 - 0x0000023baca74000 	C:\Users\2021c\javafx-sdk-24.0.2\bin\api-ms-win-core-heap-l1-1-0.dll
0x0000023baca80000 - 0x0000023baca84000 	C:\Users\2021c\javafx-sdk-24.0.2\bin\api-ms-win-core-interlocked-l1-1-0.dll
0x0000023baca90000 - 0x0000023baca94000 	C:\Users\2021c\javafx-sdk-24.0.2\bin\api-ms-win-core-libraryloader-l1-1-0.dll
0x0000023bacaa0000 - 0x0000023bacaa4000 	C:\Users\2021c\javafx-sdk-24.0.2\bin\api-ms-win-core-localization-l1-2-0.dll
0x0000023bacab0000 - 0x0000023bacab4000 	C:\Users\2021c\javafx-sdk-24.0.2\bin\api-ms-win-core-memory-l1-1-0.dll
0x0000023bacac0000 - 0x0000023bacac4000 	C:\Users\2021c\javafx-sdk-24.0.2\bin\api-ms-win-core-namedpipe-l1-1-0.dll
0x0000023bacad0000 - 0x0000023bacad4000 	C:\Users\2021c\javafx-sdk-24.0.2\bin\api-ms-win-core-processenvironment-l1-1-0.dll
0x0000023bacae0000 - 0x0000023bacae4000 	C:\Users\2021c\javafx-sdk-24.0.2\bin\api-ms-win-core-processthreads-l1-1-0.dll
0x0000023bacaf0000 - 0x0000023bacaf4000 	C:\Users\2021c\javafx-sdk-24.0.2\bin\api-ms-win-core-processthreads-l1-1-1.dll
0x0000023bacb00000 - 0x0000023bacb04000 	C:\Users\2021c\javafx-sdk-24.0.2\bin\api-ms-win-core-profile-l1-1-0.dll
0x0000023bacb10000 - 0x0000023bacb14000 	C:\Users\2021c\javafx-sdk-24.0.2\bin\api-ms-win-core-rtlsupport-l1-1-0.dll
0x0000023bacb20000 - 0x0000023bacb24000 	C:\Users\2021c\javafx-sdk-24.0.2\bin\api-ms-win-core-string-l1-1-0.dll
0x0000023bacb30000 - 0x0000023bacb34000 	C:\Users\2021c\javafx-sdk-24.0.2\bin\api-ms-win-core-synch-l1-1-0.dll
0x0000023bacb40000 - 0x0000023bacb44000 	C:\Users\2021c\javafx-sdk-24.0.2\bin\api-ms-win-core-synch-l1-2-0.dll
0x0000023bacb50000 - 0x0000023bacb54000 	C:\Users\2021c\javafx-sdk-24.0.2\bin\api-ms-win-core-sysinfo-l1-1-0.dll
0x0000023bacb60000 - 0x0000023bacb64000 	C:\Users\2021c\javafx-sdk-24.0.2\bin\api-ms-win-core-timezone-l1-1-0.dll
0x0000023bacb70000 - 0x0000023bacb74000 	C:\Users\2021c\javafx-sdk-24.0.2\bin\api-ms-win-core-util-l1-1-0.dll
0x0000023bacb80000 - 0x0000023bacb84000 	C:\Users\2021c\javafx-sdk-24.0.2\bin\api-ms-win-crt-conio-l1-1-0.dll
0x0000023bacb90000 - 0x0000023bacb95000 	C:\Users\2021c\javafx-sdk-24.0.2\bin\api-ms-win-crt-convert-l1-1-0.dll
0x0000023bacba0000 - 0x0000023bacba4000 	C:\Users\2021c\javafx-sdk-24.0.2\bin\api-ms-win-crt-environment-l1-1-0.dll
0x0000023bacbb0000 - 0x0000023bacbb4000 	C:\Users\2021c\javafx-sdk-24.0.2\bin\api-ms-win-crt-filesystem-l1-1-0.dll
0x0000023bacbc0000 - 0x0000023bacbc4000 	C:\Users\2021c\javafx-sdk-24.0.2\bin\api-ms-win-crt-heap-l1-1-0.dll
0x0000023bacbd0000 - 0x0000023bacbd4000 	C:\Users\2021c\javafx-sdk-24.0.2\bin\api-ms-win-crt-locale-l1-1-0.dll
0x0000023bacbe0000 - 0x0000023bacbe6000 	C:\Users\2021c\javafx-sdk-24.0.2\bin\api-ms-win-crt-math-l1-1-0.dll
0x0000023bacbf0000 - 0x0000023bacbf6000 	C:\Users\2021c\javafx-sdk-24.0.2\bin\api-ms-win-crt-multibyte-l1-1-0.dll
0x0000023bacc00000 - 0x0000023bacc11000 	C:\Users\2021c\javafx-sdk-24.0.2\bin\api-ms-win-crt-private-l1-1-0.dll
0x0000023bacc20000 - 0x0000023bacc24000 	C:\Users\2021c\javafx-sdk-24.0.2\bin\api-ms-win-crt-process-l1-1-0.dll
0x0000023bacc30000 - 0x0000023bacc35000 	C:\Users\2021c\javafx-sdk-24.0.2\bin\api-ms-win-crt-runtime-l1-1-0.dll
0x0000023bacc40000 - 0x0000023bacc45000 	C:\Users\2021c\javafx-sdk-24.0.2\bin\api-ms-win-crt-stdio-l1-1-0.dll
0x0000023bacc50000 - 0x0000023bacc55000 	C:\Users\2021c\javafx-sdk-24.0.2\bin\api-ms-win-crt-string-l1-1-0.dll
0x0000023bacc60000 - 0x0000023bacc64000 	C:\Users\2021c\javafx-sdk-24.0.2\bin\api-ms-win-crt-time-l1-1-0.dll
0x0000023bacc70000 - 0x0000023bacc74000 	C:\Users\2021c\javafx-sdk-24.0.2\bin\api-ms-win-crt-utility-l1-1-0.dll
0x00007ff9c8980000 - 0x00007ff9c8a91000 	C:\Users\2021c\javafx-sdk-24.0.2\bin\ucrtbase.dll
0x00007ff9dec60000 - 0x00007ff9dec7b000 	C:\Users\2021c\javafx-sdk-24.0.2\bin\vcruntime140.dll
0x00007ff9e6580000 - 0x00007ff9e658c000 	C:\Users\2021c\javafx-sdk-24.0.2\bin\vcruntime140_1.dll
0x00007ff9d4030000 - 0x00007ff9d40be000 	C:\Users\2021c\javafx-sdk-24.0.2\bin\msvcp140.dll
0x00007ff9dfcf0000 - 0x00007ff9dfcf9000 	C:\Users\2021c\javafx-sdk-24.0.2\bin\msvcp140_1.dll
0x00007ff9debb0000 - 0x00007ff9debf1000 	C:\Users\2021c\javafx-sdk-24.0.2\bin\msvcp140_2.dll
0x00007ff9dec30000 - 0x00007ff9dec60000 	C:\Users\2021c\javafx-sdk-24.0.2\bin\prism_d3d.dll
0x00007ff989560000 - 0x00007ff989710000 	C:\Windows\system32\d3d9.dll
0x00007ff9fb420000 - 0x00007ff9fb44d000 	C:\Windows\SYSTEM32\dwmapi.dll
0x00007ff9fba40000 - 0x00007ff9fba84000 	C:\Windows\SYSTEM32\dxcore.dll
0x00007ff9fb790000 - 0x00007ff9fb83a000 	C:\Windows\system32\uxtheme.dll
0x00007ff9de940000 - 0x00007ff9de960000 	C:\Windows\System32\DriverStore\FileRepository\u0409716.inf_amd64_9d380ff3544f377f\B406653\atidx9loader64.dll
0x00007ff9a4900000 - 0x00007ff9a8144000 	C:\Windows\System32\DriverStore\FileRepository\u0409716.inf_amd64_9d380ff3544f377f\B406653\AMDXN64.DLL
0x00007ffa00bf0000 - 0x00007ffa01078000 	C:\Windows\System32\SETUPAPI.dll
0x00007ff9fb8a0000 - 0x00007ff9fb9db000 	C:\Windows\SYSTEM32\dxgi.dll
0x00007ff9fe3c0000 - 0x00007ff9fe3e6000 	C:\Windows\SYSTEM32\BCrypt.dll
0x00007ff9f22d0000 - 0x00007ff9f2307000 	C:\Windows\System32\DriverStore\FileRepository\u0409716.inf_amd64_9d380ff3544f377f\B406653\amdihk64.dll
0x00007ff9f8230000 - 0x00007ff9f8293000 	C:\Windows\SYSTEM32\directxdatabasehelper.dll
0x00007ff9dded0000 - 0x00007ff9ddf18000 	C:\Users\2021c\javafx-sdk-24.0.2\bin\glass.dll
0x00007ff9ff3d0000 - 0x00007ff9ff4c3000 	C:\Windows\System32\COMDLG32.dll
0x00007ffa00b10000 - 0x00007ffa00bc1000 	C:\Windows\System32\clbcatq.dll
0x00007ff9e8120000 - 0x00007ff9e8270000 	C:\Windows\System32\Windows.UI.dll
0x00007ff9dea00000 - 0x00007ff9deabb000 	C:\Windows\System32\Windows.Networking.Connectivity.dll
0x00007ff9f1a40000 - 0x00007ff9f1c85000 	C:\Windows\System32\twinapi.appcore.dll
0x00007ff9ff530000 - 0x00007ff9ff68b000 	C:\Windows\System32\MSCTF.dll
0x00007ff9e6d10000 - 0x00007ff9e6e5e000 	C:\Windows\System32\Windows.UI.Immersive.dll
0x00007ff9f1c90000 - 0x00007ff9f1ca9000 	C:\Windows\System32\npmproxy.dll
0x00007ff9f2c80000 - 0x00007ff9f2d0e000 	C:\Windows\SYSTEM32\wlanapi.dll
0x00007ff9f2c50000 - 0x00007ff9f2c72000 	C:\Windows\SYSTEM32\MobileNetworking.dll
0x00007ff9fccf0000 - 0x00007ff9fcd24000 	C:\Windows\System32\IPHLPAPI.DLL
0x00007ffa012f0000 - 0x00007ffa012fa000 	C:\Windows\System32\NSI.dll
0x00007ff9de9e0000 - 0x00007ff9de9f3000 	C:\Windows\System32\dusmapi.dll
0x00007ff9ee9a0000 - 0x00007ff9ee9b5000 	C:\Users\2021c\javafx-sdk-24.0.2\bin\javafx_font.dll

JVMTI agents: none

dbghelp: loaded successfully - version: 4.0.5 - missing functions: none
symbol engine: initialized successfully - sym options: 0x614 - pdb path: .;C:\Program Files\Java\jdk-24\bin;C:\Windows\SYSTEM32;C:\Windows\WinSxS\amd64_microsoft.windows.common-controls_6595b64144ccf1df_6.0.26100.6899_none_3e0efeeae32e88c1;C:\Program Files\Java\jdk-24\bin\server;C:\Users\2021c\javafx-sdk-24.0.2\bin;C:\Windows\System32\DriverStore\FileRepository\u0409716.inf_amd64_9d380ff3544f377f\B406653

VM Arguments:
jvm_args: --module-path=C:\Users\2021c\javafx-sdk-24.0.2\lib --add-modules=javafx.controls,javafx.fxml --sun-misc-unsafe-memory-access=allow --enable-native-access=javafx.graphics -Dfile.encoding=UTF-8 -Dstdout.encoding=UTF-8 -Dstderr.encoding=UTF-8 --module-path=C:\Users\2021c\OneDrive\Desktop\360Project\FoundationCode\bin;C:\Users\2021c\javafx-sdk-24.0.2\lib\javafx.base.jar;C:\Users\2021c\javafx-sdk-24.0.2\lib\javafx.controls.jar;C:\Users\2021c\javafx-sdk-24.0.2\lib\javafx.fxml.jar;C:\Users\2021c\javafx-sdk-24.0.2\lib\javafx.graphics.jar;C:\Users\2021c\javafx-sdk-24.0.2\lib\javafx.media.jar;C:\Users\2021c\javafx-sdk-24.0.2\lib\javafx.swing.jar;C:\Users\2021c\javafx-sdk-24.0.2\lib\javafx.web.jar;C:\Users\2021c\javafx-sdk-24.0.2\lib\javafx-swt.jar;C:\Users\2021c\javafx-sdk-24.0.2\lib\jdk.jsobject.jar;C:\Users\2021c\javafx-sdk-24.0.2\lib\jfx.incubator.input.jar;C:\Users\2021c\javafx-sdk-24.0.2\lib\jfx.incubator.richtext.jar;C:\Users\2021c\OneDrive\Desktop\eclipse\plugins\junit-jupiter-api_5.12.2.jar;C:\Users\2021c\OneDrive\Desktop\eclipse\plugins\junit-jupiter-engine_5.12.2.jar;C:\Users\2021c\OneDrive\Desktop\eclipse\plugins\junit-jupiter-migrationsupport_5.12.2.jar;C:\Users\2021c\OneDrive\Desktop\eclipse\plugins\junit-jupiter-params_5.12.2.jar;C:\Users\2021c\OneDrive\Desktop\eclipse\plugins\junit-platform-commons_1.12.2.jar;C:\Users\2021c\OneDrive\Desktop\eclipse\plugins\junit-platform-engine_1.12.2.jar;C:\Users\2021c\OneDrive\Desktop\eclipse\plugins\junit-platform-launcher_1.12.2.jar;C:\Users\2021c\OneDrive\Desktop\eclipse\plugins\junit-platform-runner_1.12.2.jar;C:\Users\2021c\OneDrive\Desktop\eclipse\plugins\junit-platform-suite-api_1.12.2.jar;C:\Users\2021c\OneDrive\Desktop\eclipse\plugins\junit-platform-suite-engine_1.12.2.jar;C:\Users\2021c\OneDrive\Desktop\eclipse\plugins\junit-platform-suite-commons_1.12.2.jar;C:\Users\2021c\OneDrive\Desktop\eclipse\plugins\junit-vintage-engine_5.12.2.jar;C:\Users\2021c\OneDrive\Desktop\eclipse\plugins\org.opentest4j_1.3.0.jar;C:\Users\2021c\OneDrive\Desktop\eclipse\plugins\org.apiguardian.api_1.1.2.jar;C:\Users\2021c\OneDrive\Desktop\eclipse\plugins\org.junit_4.13.2.v20240929-1000.jar;C:\Users\2021c\OneDrive\Desktop\eclipse\plugins\org.hamcrest_3.0.0.jar -XX:+ShowCodeDetailsInExceptionMessages -Djdk.module.main=FoundationCode 
java_command: FoundationCode/application.StartCSE360
java_class_path (initial): C:\Users\2021c\h2\h2\bin\h2-2.3.232.jar
Launcher Type: SUN_STANDARD

[Global flags]
     intx CICompilerCount                          = 4                                         {product} {ergonomic}
     uint ConcGCThreads                            = 2                                         {product} {ergonomic}
     uint G1ConcRefinementThreads                  = 8                                         {product} {ergonomic}
   size_t G1HeapRegionSize                         = 1048576                                   {product} {ergonomic}
   size_t InitialHeapSize                          = 123731968                                 {product} {ergonomic}
   size_t MarkStackSize                            = 4194304                                   {product} {ergonomic}
   size_t MarkStackSizeMax                         = 536870912                                 {product} {ergonomic}
   size_t MaxHeapSize                              = 1954545664                                {product} {ergonomic}
   size_t MaxNewSize                               = 1172307968                                {product} {ergonomic}
   size_t MinHeapDeltaBytes                        = 1048576                                   {product} {ergonomic}
   size_t MinHeapSize                              = 8388608                                   {product} {ergonomic}
    uintx NonNMethodCodeHeapSize                   = 5832704                                {pd product} {ergonomic}
    uintx NonProfiledCodeHeapSize                  = 122945536                              {pd product} {ergonomic}
    uintx ProfiledCodeHeapSize                     = 122880000                              {pd product} {ergonomic}
    uintx ReservedCodeCacheSize                    = 251658240                              {pd product} {ergonomic}
     bool SegmentedCodeCache                       = true                                      {product} {ergonomic}
     bool ShowCodeDetailsInExceptionMessages       = true                                   {manageable} {command line}
   size_t SoftMaxHeapSize                          = 1954545664                             {manageable} {ergonomic}
     bool UseCompressedOops                        = true                           {product lp64_product} {ergonomic}
     bool UseG1GC                                  = true                                      {product} {ergonomic}
     bool UseLargePagesIndividualAllocation        = false                                  {pd product} {ergonomic}

Logging:
Log output configuration:
 #0: stdout all=warning uptime,level,tags foldmultilines=false
 #1: stderr all=off uptime,level,tags foldmultilines=false

Environment Variables:
JAVA_HOME=C:\Program Files\Java\jdk-24\bin
PATH=C:/Users/2021c/OneDrive/Desktop/eclipse//plugins/org.eclipse.justj.openjdk.hotspot.jre.full.win32.x86_64_21.0.7.v20250502-0916/jre/bin/server;C:/Users/2021c/OneDrive/Desktop/eclipse//plugins/org.eclipse.justj.openjdk.hotspot.jre.full.win32.x86_64_21.0.7.v20250502-0916/jre/bin;C:\Program Files\Common Files\Oracle\Java\javapath;C:\Windows\system32;C:\Windows;C:\Windows\System32\Wbem;C:\Windows\System32\WindowsPowerShell\v1.0\;C:\Windows\System32\OpenSSH\;C:\Program Files\Java\jdk-24\bin;C:\Program Files\Git\cmd;C:\Users\2021c\AppData\Local\Programs\Python\Python313\Scripts\;C:\Users\2021c\AppData\Local\Programs\Python\Python313\;C:\Users\2021c\AppData\Local\Microsoft\WindowsApps;C:\Users\2021c\AppData\Local\Programs\Microsoft VS Code\bin;C:\Users\2021c\OneDrive\Desktop\eclipse;
USERNAME=2021c
OS=Windows_NT
PROCESSOR_IDENTIFIER=AMD64 Family 23 Model 160 Stepping 0, AuthenticAMD
TMP=C:\Users\2021c\AppData\Local\Temp
TEMP=C:\Users\2021c\AppData\Local\Temp




Periodic native trim disabled

---------------  S Y S T E M  ---------------

OS:
 Windows 11 , 64 bit Build 26100 (10.0.26100.6725)
OS uptime: 0 days 16:12 hours
Hyper-V role detected

CPU: total 8 (initial active 8) (8 cores per cpu, 2 threads per core) family 23 model 160 stepping 0 microcode 0x8a00006, cx8, cmov, fxsr, ht, mmx, 3dnowpref, sse, sse2, sse3, ssse3, sse4a, sse4.1, sse4.2, popcnt, lzcnt, tsc, tscinvbit, avx, avx2, aes, clmul, bmi1, bmi2, adx, sha, fma, vzeroupper, clflush, clflushopt, hv, rdtscp, rdpid, f16c
Processor Information for the first 8 processors :
  Max Mhz: 2401, Current Mhz: 2401, Mhz Limit: 2401

Memory: 4k page, system-wide physical 7455M (390M free)
TotalPageFile size 22543M (AvailPageFile size 26M)
current process WorkingSet (physical memory assigned to process): 183M, peak: 183M
current process commit charge ("private bytes"): 295M, peak: 295M

vm_info: Java HotSpot(TM) 64-Bit Server VM (24.0.2+12-54) for windows-amd64 JRE (24.0.2+12-54), built on 2025-07-08T12:10:27Z with MS VC++ 17.6 (VS2022)

END.
